<?xml version="1.0" encoding="UTF-8"?>
<testsuite xmlns:xsi="http://www.w3.org/2001/XMLSchema-instance" xsi:noNamespaceSchemaLocation="https://maven.apache.org/surefire/maven-surefire-plugin/xsd/surefire-test-report.xsd" name="pl.pjwstk.App.CarServiceTest" time="0.032" tests="7" errors="0" skipped="0" failures="0">
  <properties>
[...]
</properties>
  <testcase name="checkIfVimIsNull" classname="pl.pjwstk.App.CarServiceTest" time="0.025"/>
  <testcase name="checkCarExist" classname="pl.pjwstk.App.CarServiceTest" time="0.003"/>
  <testcase name="checkHowMuchPremiumCosts" classname="pl.pjwstk.App.CarServiceTest" time="0.002"/>
  <testcase name="checkCarStorageIsEmpty" classname="pl.pjwstk.App.CarServiceTest" time="0"/>
  <testcase name="checkHowMuchPlatinumCosts" classname="pl.pjwstk.App.CarServiceTest" time="0"/>
  <testcase name="checkIfTheCarIsAlreadyRented" classname="pl.pjwstk.App.CarServiceTest" time="0"/>
  <testcase name="checkIfTheEndDateIsLaterThanTheStartDate" classname="pl.pjwstk.App.CarServiceTest" time="0"/>
</testsuite>