<?xml version="1.0" encoding="UTF-8"?>
<testsuite xmlns:xsi="http://www.w3.org/2001/XMLSchema-instance" xsi:noNamespaceSchemaLocation="https://maven.apache.org/surefire/maven-surefire-plugin/xsd/surefire-test-report.xsd" name="pl.pjatk.firstapispringboot.CarApiIntegrationTest" time="2.751" tests="5" errors="1" skipped="0" failures="1">
  <properties>
[...]
</properties>
  <testcase name="helloSomeValue_returnsPathVariableValue" classname="pl.pjatk.firstapispringboot.CarApiIntegrationTest" time="0.233"/>
  <testcase name="createCar_returnsCreatedCar" classname="pl.pjatk.firstapispringboot.CarApiIntegrationTest" time="0.117">
    <failure message="&#10;Wanted but not invoked:&#10;carManager bean.addCar(&#10;    &lt;any pl.pjatk.firstapispringboot.model.Car&gt;&#10;);&#10;-&gt; at pl.pjatk.firstapispringboot.CarApiIntegrationTest.createCar_returnsCreatedCar(CarApiIntegrationTest.java:78)&#10;Actually, there were zero interactions with this mock.&#10;" type="org.mockito.exceptions.verification.WantedButNotInvoked"><![CDATA[org.mockito.exceptions.verification.WantedButNotInvoked: 

Wanted but not invoked:
carManager bean.addCar(
    <any pl.pjatk.firstapispringboot.model.Car>
);
-> at pl.pjatk.firstapispringboot.CarApiIntegrationTest.createCar_returnsCreatedCar(CarApiIntegrationTest.java:78)
Actually, there were zero interactions with this mock.

	at pl.pjatk.firstapispringboot.CarApiIntegrationTest.createCar_returnsCreatedCar(CarApiIntegrationTest.java:78)
]]></failure>
  </testcase>
  <testcase name="helloRequestParam_returnsRequestParamValue" classname="pl.pjatk.firstapispringboot.CarApiIntegrationTest" time="0.013"/>
  <testcase name="throwException_returnsBadRequest" classname="pl.pjatk.firstapispringboot.CarApiIntegrationTest" time="0.009"/>
  <testcase name="getCars_returnsListOfCars" classname="pl.pjatk.firstapispringboot.CarApiIntegrationTest" time="0.014">
    <error message="Error while extracting response for type [java.util.List&lt;pl.pjatk.firstapispringboot.model.Car&gt;] and content type [application/json]" type="org.springframework.web.client.RestClientException"><![CDATA[org.springframework.web.client.RestClientException: Error while extracting response for type [java.util.List<pl.pjatk.firstapispringboot.model.Car>] and content type [application/json]
	at pl.pjatk.firstapispringboot.CarApiIntegrationTest.getCars_returnsListOfCars(CarApiIntegrationTest.java:38)
Caused by: org.springframework.http.converter.HttpMessageNotReadableException: JSON parse error: Cannot deserialize value of type `java.util.ArrayList<pl.pjatk.firstapispringboot.model.Car>` from Object value (token `JsonToken.START_OBJECT`)
	at pl.pjatk.firstapispringboot.CarApiIntegrationTest.getCars_returnsListOfCars(CarApiIntegrationTest.java:38)
Caused by: com.fasterxml.jackson.databind.exc.MismatchedInputException: 
Cannot deserialize value of type `java.util.ArrayList<pl.pjatk.firstapispringboot.model.Car>` from Object value (token `JsonToken.START_OBJECT`)
 at [Source: (org.springframework.util.StreamUtils$NonClosingInputStream); line: 1, column: 1]
	at pl.pjatk.firstapispringboot.CarApiIntegrationTest.getCars_returnsListOfCars(CarApiIntegrationTest.java:38)
]]></error>
  </testcase>
</testsuite>